<?xml version="1.0" encoding="UTF-8"?>
<testsuite xmlns:xsi="http://www.w3.org/2001/XMLSchema-instance" xsi:noNamespaceSchemaLocation="https://maven.apache.org/surefire/maven-surefire-plugin/xsd/surefire-test-report.xsd" version="3.0.2" name="ma.abla.banque_service.BanqueServiceApplicationTests" time="9.687" tests="1" errors="0" skipped="0" failures="0">
  <properties>
[...]
</properties>
  <testcase name="contextLoads" classname="ma.abla.banque_service.BanqueServiceApplicationTests" time="0.504">
    <system-out><![CDATA[15:23:53.937 [main] INFO org.springframework.test.context.support.AnnotationConfigContextLoaderUtils -- Could not detect default configuration classes for test class [ma.abla.banque_service.BanqueServiceApplicationTests]: BanqueServiceApplicationTests does not declare any static, non-private, non-final, nested classes annotated with @Configuration.
15:23:54.150 [main] INFO org.springframework.boot.test.context.SpringBootTestContextBootstrapper -- Found @SpringBootConfiguration ma.abla.banque_service.BanqueServiceApplication for test class ma.abla.banque_service.BanqueServiceApplicationTests
15:23:54.422 [main] INFO org.springframework.boot.devtools.restart.RestartApplicationListener -- Restart disabled due to context in which it is running

  .   ____          _            __ _ _
 /\\ / ___'_ __ _ _(_)_ __  __ _ \ \ \ \
( ( )\___ | '_ | '_| | '_ \/ _` | \ \ \ \
 \\/  ___)| |_)| | | | | || (_| |  ) ) ) )
  '  |____| .__|_| |_|_| |_\__, | / / / /
 =========|_|==============|___/=/_/_/_/

 :: Spring Boot ::                (v3.5.9)

2026-01-11T15:23:54.870+01:00  INFO 20248 --- [banque-service] [           main] m.a.b.BanqueServiceApplicationTests      : Starting BanqueServiceApplicationTests using Java 21.0.8 with PID 20248 (started by LENEVO in C:\Users\LENEVO\Documents\gest-banque)
2026-01-11T15:23:54.872+01:00  INFO 20248 --- [banque-service] [           main] m.a.b.BanqueServiceApplicationTests      : No active profile set, falling back to 1 default profile: "default"
2026-01-11T15:23:56.107+01:00  INFO 20248 --- [banque-service] [           main] .s.d.r.c.RepositoryConfigurationDelegate : Bootstrapping Spring Data JPA repositories in DEFAULT mode.
2026-01-11T15:23:56.334+01:00  INFO 20248 --- [banque-service] [           main] .s.d.r.c.RepositoryConfigurationDelegate : Finished Spring Data repository scanning in 211 ms. Found 1 JPA repository interface.
2026-01-11T15:23:57.240+01:00  INFO 20248 --- [banque-service] [           main] o.hibernate.jpa.internal.util.LogHelper  : HHH000204: Processing PersistenceUnitInfo [name: default]
2026-01-11T15:23:57.313+01:00  INFO 20248 --- [banque-service] [           main] org.hibernate.Version                    : HHH000412: Hibernate ORM core version 6.6.39.Final
2026-01-11T15:23:57.368+01:00  INFO 20248 --- [banque-service] [           main] o.h.c.internal.RegionFactoryInitiator    : HHH000026: Second-level cache disabled
2026-01-11T15:23:57.864+01:00  INFO 20248 --- [banque-service] [           main] o.s.o.j.p.SpringPersistenceUnitInfo      : No LoadTimeWeaver setup: ignoring JPA class transformer
2026-01-11T15:23:57.944+01:00  INFO 20248 --- [banque-service] [           main] com.zaxxer.hikari.HikariDataSource       : HikariPool-1 - Starting...
2026-01-11T15:23:58.239+01:00  INFO 20248 --- [banque-service] [           main] com.zaxxer.hikari.pool.HikariPool        : HikariPool-1 - Added connection conn0: url=jdbc:h2:mem:banque user=SA
2026-01-11T15:23:58.242+01:00  INFO 20248 --- [banque-service] [           main] com.zaxxer.hikari.HikariDataSource       : HikariPool-1 - Start completed.
2026-01-11T15:23:58.273+01:00  WARN 20248 --- [banque-service] [           main] org.hibernate.orm.deprecation            : HHH90000025: H2Dialect does not need to be specified explicitly using 'hibernate.dialect' (remove the property setting and it will be selected by default)
2026-01-11T15:23:58.306+01:00  INFO 20248 --- [banque-service] [           main] org.hibernate.orm.connections.pooling    : HHH10001005: Database info:
	Database JDBC URL [Connecting through datasource 'HikariDataSource (HikariPool-1)']
	Database driver: undefined/unknown
	Database version: 2.3.232
	Autocommit mode: undefined/unknown
	Isolation level: undefined/unknown
	Minimum pool size: undefined/unknown
	Maximum pool size: undefined/unknown
2026-01-11T15:23:59.396+01:00  INFO 20248 --- [banque-service] [           main] o.h.e.t.j.p.i.JtaPlatformInitiator       : HHH000489: No JTA platform available (set 'hibernate.transaction.jta.platform' to enable JTA platform integration)
2026-01-11T15:23:59.474+01:00  INFO 20248 --- [banque-service] [           main] j.LocalContainerEntityManagerFactoryBean : Initialized JPA EntityManagerFactory for persistence unit 'default'
2026-01-11T15:24:00.012+01:00  INFO 20248 --- [banque-service] [           main] o.s.d.j.r.query.QueryEnhancerFactory     : Hibernate is in classpath; If applicable, HQL parser will be used.
2026-01-11T15:24:01.241+01:00  WARN 20248 --- [banque-service] [           main] JpaBaseConfiguration$JpaWebConfiguration : spring.jpa.open-in-view is enabled by default. Therefore, database queries may be performed during view rendering. Explicitly configure spring.jpa.open-in-view to disable this warning
2026-01-11T15:24:01.961+01:00  INFO 20248 --- [banque-service] [           main] efaultSchemaResourceGraphQlSourceBuilder : Loaded 1 resource(s) in the GraphQL schema.
2026-01-11T15:24:02.279+01:00  INFO 20248 --- [banque-service] [           main] o.s.b.a.g.GraphQlAutoConfiguration       : GraphQL schema inspection:
	Unmapped fields: {}
	Unmapped registrations: {}
	Unmapped arguments: {}
	Skipped types: []
2026-01-11T15:24:02.327+01:00  INFO 20248 --- [banque-service] [           main] s.b.a.g.s.GraphQlWebMvcAutoConfiguration : GraphQL endpoint HTTP POST /graphql
2026-01-11T15:24:02.503+01:00  INFO 20248 --- [banque-service] [           main] o.s.b.a.h2.H2ConsoleAutoConfiguration    : H2 console available at '/h2-console'. Database available at 'jdbc:h2:mem:banque'
2026-01-11T15:24:02.667+01:00  INFO 20248 --- [banque-service] [           main] m.a.b.BanqueServiceApplicationTests      : Started BanqueServiceApplicationTests in 8.26 seconds (process running for 9.937)
2026-01-11T15:24:02.796+01:00  INFO 20248 --- [banque-service] [           main] m.a.b.config.DataInitializer             : Initialisation des données de test...
2026-01-11T15:24:02.852+01:00  INFO 20248 --- [banque-service] [           main] m.a.b.config.DataInitializer             : 5 comptes créés avec succès
]]></system-out>
    <system-err><![CDATA[Mockito is currently self-attaching to enable the inline-mock-maker. This will no longer work in future releases of the JDK. Please add Mockito as an agent to your build as described in Mockito's documentation: https://javadoc.io/doc/org.mockito/mockito-core/latest/org.mockito/org/mockito/Mockito.html#0.3
WARNING: A Java agent has been loaded dynamically (C:\Users\LENEVO\.m2\repository\net\bytebuddy\byte-buddy-agent\1.17.8\byte-buddy-agent-1.17.8.jar)
WARNING: If a serviceability tool is in use, please run with -XX:+EnableDynamicAgentLoading to hide this warning
WARNING: If a serviceability tool is not in use, please run with -Djdk.instrument.traceUsage for more information
WARNING: Dynamic loading of agents will be disallowed by default in a future release
]]></system-err>
  </testcase>
</testsuite>